
=== Wed Jan 22 19:53:05 2020

Packages were changed.
Update Mode: mergeDefaultDependencies

The following packages were added:
  com.unity.package-manager-ui@2.2.0
  com.unity.ext.nunit@1.0.0
  com.unity.test-framework@1.0.13
  com.unity.ide.vscode@1.1.0
  com.unity.ide.rider@1.1.0
  com.unity.ugui@1.0.0
  com.unity.modules.androidjni@1.0.0
The following packages were updated:
  com.unity.collab-proxy from version 1.2.9 to 1.2.16
  com.unity.textmeshpro from version 2.0.0 to 2.0.1
  com.unity.timeline from version 0.0.0-builtin to 1.1.0

=== Wed Jan 22 20:37:14 2020

Packages were changed.
Update Mode: mergeDefaultDependencies

The following packages were added:
  com.unity.cinemachine@2.3.4
  com.unity.postprocessing@2.1.7
  com.unity.recorder@2.0.3-preview.1
